n=10, m=18
adjacencyList 
0: 1 2 3 
1: 0 2 3 
2: 0 1 3 4 
3: 0 1 2 4 5 
4: 2 3 5 
5: 3 4 6 7 
6: 5 7 
7: 5 6 8 9 
8: 7 9 
9: 7 8 
size=3, type=1, count=6
adjMatrix 
0 1 1 
1 0 1 
1 1 0 
read graph and motif
before clique enum
intial core values: 3 3 4 5 3 4 2 4 2 2 
final core values: 3 3 3 3 2 2 2 2 2 2 
rev core sorted verticies: 3 2 0 1 4 5 7 9 8 6 
order: 3 4 2 1 5 6 10 7 9 8 
DAG Neigh : 
vectex 0 : 1 
vectex 1 : 
vectex 2 : 0 1 4 
vectex 3 : 0 1 2 4 5 
vectex 4 : 5 
vectex 5 : 6 7 
vectex 6 : 
vectex 7 : 6 8 9 
vectex 8 : 
vectex 9 : 8 

C degree before: 0 0 0 0 0 0 0 0 0 0 
partial Clique: 
 candidates: 0 1 2 3 4 5 6 7 8 9 
 label: 3 3 3 3 3 3 3 3 3 3 
 vnc: 0 0 0 0 0 0 0 0 0 0 
valid neighbors of 0: 
valid neighbors of 1: 
valid neighbors of 2: 
valid neighbors of 3: 
valid neighbors of 4: 
valid neighbors of 5: 
valid neighbors of 6: 
valid neighbors of 7: 
valid neighbors of 8: 
valid neighbors of 9: 
total Cliques 0
partial Clique: 0 
 candidates: 1 
 label: 3 2 3 3 3 3 3 3 3 3 
 vnc: 0 0 0 0 0 0 0 0 0 0 
valid neighbors of 0: 
valid neighbors of 1: 
valid neighbors of 2: 
valid neighbors of 3: 
valid neighbors of 4: 
valid neighbors of 5: 
valid neighbors of 6: 
valid neighbors of 7: 
valid neighbors of 8: 
valid neighbors of 9: 
total Cliques 0
----------------------
----------------------
partial Clique: 1 
 candidates: 
 label: 3 3 3 3 3 3 3 3 3 3 
 vnc: 0 0 0 0 0 0 0 0 0 0 
valid neighbors of 0: 
valid neighbors of 1: 
valid neighbors of 2: 
valid neighbors of 3: 
valid neighbors of 4: 
valid neighbors of 5: 
valid neighbors of 6: 
valid neighbors of 7: 
valid neighbors of 8: 
valid neighbors of 9: 
total Cliques 0
----------------------
----------------------
partial Clique: 2 
 candidates: 0 1 4 
 label: 2 2 3 3 2 3 3 3 3 3 
 vnc: 1 0 0 0 0 0 0 0 0 0 
valid neighbors of 0: 1 
valid neighbors of 1: 
valid neighbors of 2: 
valid neighbors of 3: 
valid neighbors of 4: 
valid neighbors of 5: 
valid neighbors of 6: 
valid neighbors of 7: 
valid neighbors of 8: 
valid neighbors of 9: 
total Cliques 0
----------------------
clique number 0 : 2 0 1
----------------------
partial Clique: 3 
 candidates: 0 1 2 4 5 
 label: 2 2 2 3 2 2 3 3 3 3 
 vnc: 1 0 3 0 1 0 0 0 0 0 
valid neighbors of 0: 1 
valid neighbors of 1: 
valid neighbors of 2: 0 1 4 
valid neighbors of 3: 
valid neighbors of 4: 5 
valid neighbors of 5: 
valid neighbors of 6: 
valid neighbors of 7: 
valid neighbors of 8: 
valid neighbors of 9: 
total Cliques 1
----------------------
clique number 1 : 3 0 1
clique number 2 : 3 2 0
clique number 3 : 3 2 1
clique number 4 : 3 2 4
clique number 5 : 3 4 5
----------------------
partial Clique: 4 
 candidates: 5 
 label: 3 3 3 3 3 2 3 3 3 3 
 vnc: 1 0 3 0 1 0 0 0 0 0 
valid neighbors of 0: 1 
valid neighbors of 1: 
valid neighbors of 2: 0 1 4 
valid neighbors of 3: 
valid neighbors of 4: 5 
valid neighbors of 5: 
valid neighbors of 6: 
valid neighbors of 7: 
valid neighbors of 8: 
valid neighbors of 9: 
total Cliques 6
----------------------
----------------------
partial Clique: 5 
 candidates: 6 7 
 label: 3 3 3 3 3 3 2 2 3 3 
 vnc: 1 0 3 0 1 0 0 1 0 0 
valid neighbors of 0: 1 
valid neighbors of 1: 
valid neighbors of 2: 0 1 4 
valid neighbors of 3: 
valid neighbors of 4: 5 
valid neighbors of 5: 
valid neighbors of 6: 
valid neighbors of 7: 6 8 9 
valid neighbors of 8: 
valid neighbors of 9: 
total Cliques 6
----------------------
clique number 6 : 5 7 6
----------------------
partial Clique: 6 
 candidates: 
 label: 3 3 3 3 3 3 3 3 3 3 
 vnc: 1 0 3 0 1 0 0 1 0 0 
valid neighbors of 0: 1 
valid neighbors of 1: 
valid neighbors of 2: 0 1 4 
valid neighbors of 3: 
valid neighbors of 4: 5 
valid neighbors of 5: 
valid neighbors of 6: 
valid neighbors of 7: 6 8 9 
valid neighbors of 8: 
valid neighbors of 9: 
total Cliques 7
----------------------
----------------------
partial Clique: 7 
 candidates: 6 8 9 
 label: 3 3 3 3 3 3 2 3 2 2 
 vnc: 1 0 3 0 1 0 0 1 0 1 
valid neighbors of 0: 1 
valid neighbors of 1: 
valid neighbors of 2: 0 1 4 
valid neighbors of 3: 
valid neighbors of 4: 5 
valid neighbors of 5: 
valid neighbors of 6: 
valid neighbors of 7: 6 8 9 
valid neighbors of 8: 
valid neighbors of 9: 8 
total Cliques 7
----------------------
clique number 7 : 7 9 8
----------------------
partial Clique: 8 
 candidates: 
 label: 3 3 3 3 3 3 3 3 3 3 
 vnc: 1 0 3 0 1 0 0 1 0 1 
valid neighbors of 0: 1 
valid neighbors of 1: 
valid neighbors of 2: 0 1 4 
valid neighbors of 3: 
valid neighbors of 4: 5 
valid neighbors of 5: 
valid neighbors of 6: 
valid neighbors of 7: 6 8 9 
valid neighbors of 8: 
valid neighbors of 9: 8 
total Cliques 8
----------------------
----------------------
partial Clique: 9 
 candidates: 8 
 label: 3 3 3 3 3 3 3 3 2 3 
 vnc: 1 0 3 0 1 0 0 1 0 1 
valid neighbors of 0: 1 
valid neighbors of 1: 
valid neighbors of 2: 0 1 4 
valid neighbors of 3: 
valid neighbors of 4: 5 
valid neighbors of 5: 
valid neighbors of 6: 
valid neighbors of 7: 6 8 9 
valid neighbors of 8: 
valid neighbors of 9: 8 
total Cliques 8
----------------------
----------------------
clique degree: 9 9 8 0 8 6 3 2 2 2 
n=10, m=18
adjacencyList 
0: 1 2 3 
1: 0 2 3 
2: 0 1 3 4 
3: 0 1 2 4 5 
4: 2 3 5 
5: 3 4 6 7 
6: 5 7 
7: 5 6 8 9 
8: 7 9 
9: 7 8 
size=3, type=1, count=6
adjMatrix 
0 1 1 
1 0 1 
1 1 0 
read graph and motif
before clique enum
intial core values: 3 3 4 5 3 4 2 4 2 2 
final core values: 3 3 3 3 2 2 2 2 2 2 
rev core sorted verticies: 3 2 0 1 4 5 7 9 8 6 
order: 3 4 2 1 5 6 10 7 9 8 
DAG Neigh : 
vectex 0 : 1 
vectex 1 : 
vectex 2 : 0 1 4 
vectex 3 : 0 1 2 4 5 
vectex 4 : 5 
vectex 5 : 6 7 
vectex 6 : 
vectex 7 : 6 8 9 
vectex 8 : 
vectex 9 : 8 

C degree before: 0 0 0 0 0 0 0 0 0 0 
partial Clique: 
 candidates: 0 1 2 3 4 5 6 7 8 9 
 label: 3 3 3 3 3 3 3 3 3 3 
 vnc: 0 0 0 0 0 0 0 0 0 0 
valid neighbors of 0: 
valid neighbors of 1: 
valid neighbors of 2: 
valid neighbors of 3: 
valid neighbors of 4: 
valid neighbors of 5: 
valid neighbors of 6: 
valid neighbors of 7: 
valid neighbors of 8: 
valid neighbors of 9: 
total Cliques 0
partial Clique: 0 
 candidates: 1 
 label: 3 2 3 3 3 3 3 3 3 3 
 vnc: 0 0 0 0 0 0 0 0 0 0 
valid neighbors of 0: 
valid neighbors of 1: 
valid neighbors of 2: 
valid neighbors of 3: 
valid neighbors of 4: 
valid neighbors of 5: 
valid neighbors of 6: 
valid neighbors of 7: 
valid neighbors of 8: 
valid neighbors of 9: 
total Cliques 0
----------------------
----------------------
partial Clique: 1 
 candidates: 
 label: 3 3 3 3 3 3 3 3 3 3 
 vnc: 0 0 0 0 0 0 0 0 0 0 
valid neighbors of 0: 
valid neighbors of 1: 
valid neighbors of 2: 
valid neighbors of 3: 
valid neighbors of 4: 
valid neighbors of 5: 
valid neighbors of 6: 
valid neighbors of 7: 
valid neighbors of 8: 
valid neighbors of 9: 
total Cliques 0
----------------------
----------------------
partial Clique: 2 
 candidates: 0 1 4 
 label: 2 2 3 3 2 3 3 3 3 3 
 vnc: 1 0 0 0 0 0 0 0 0 0 
valid neighbors of 0: 1 
valid neighbors of 1: 
valid neighbors of 2: 
valid neighbors of 3: 
valid neighbors of 4: 
valid neighbors of 5: 
valid neighbors of 6: 
valid neighbors of 7: 
valid neighbors of 8: 
valid neighbors of 9: 
total Cliques 0
----------------------
clique number 0 : 2 0 1
----------------------
partial Clique: 3 
 candidates: 0 1 2 4 5 
 label: 2 2 2 3 2 2 3 3 3 3 
 vnc: 1 0 3 0 1 0 0 0 0 0 
valid neighbors of 0: 1 
valid neighbors of 1: 
valid neighbors of 2: 0 1 4 
valid neighbors of 3: 
valid neighbors of 4: 5 
valid neighbors of 5: 
valid neighbors of 6: 
valid neighbors of 7: 
valid neighbors of 8: 
valid neighbors of 9: 
total Cliques 1
----------------------
clique number 1 : 3 0 1
clique number 2 : 3 2 0
clique number 3 : 3 2 1
clique number 4 : 3 2 4
clique number 5 : 3 4 5
----------------------
partial Clique: 4 
 candidates: 5 
 label: 3 3 3 3 3 2 3 3 3 3 
 vnc: 1 0 3 0 1 0 0 0 0 0 
valid neighbors of 0: 1 
valid neighbors of 1: 
valid neighbors of 2: 0 1 4 
valid neighbors of 3: 
valid neighbors of 4: 5 
valid neighbors of 5: 
valid neighbors of 6: 
valid neighbors of 7: 
valid neighbors of 8: 
valid neighbors of 9: 
total Cliques 6
----------------------
----------------------
partial Clique: 5 
 candidates: 6 7 
 label: 3 3 3 3 3 3 2 2 3 3 
 vnc: 1 0 3 0 1 0 0 1 0 0 
valid neighbors of 0: 1 
valid neighbors of 1: 
valid neighbors of 2: 0 1 4 
valid neighbors of 3: 
valid neighbors of 4: 5 
valid neighbors of 5: 
valid neighbors of 6: 
valid neighbors of 7: 6 8 9 
valid neighbors of 8: 
valid neighbors of 9: 
total Cliques 6
----------------------
clique number 6 : 5 7 6
----------------------
partial Clique: 6 
 candidates: 
 label: 3 3 3 3 3 3 3 3 3 3 
 vnc: 1 0 3 0 1 0 0 1 0 0 
valid neighbors of 0: 1 
valid neighbors of 1: 
valid neighbors of 2: 0 1 4 
valid neighbors of 3: 
valid neighbors of 4: 5 
valid neighbors of 5: 
valid neighbors of 6: 
valid neighbors of 7: 6 8 9 
valid neighbors of 8: 
valid neighbors of 9: 
total Cliques 7
----------------------
----------------------
partial Clique: 7 
 candidates: 6 8 9 
 label: 3 3 3 3 3 3 2 3 2 2 
 vnc: 1 0 3 0 1 0 0 1 0 1 
valid neighbors of 0: 1 
valid neighbors of 1: 
valid neighbors of 2: 0 1 4 
valid neighbors of 3: 
valid neighbors of 4: 5 
valid neighbors of 5: 
valid neighbors of 6: 
valid neighbors of 7: 6 8 9 
valid neighbors of 8: 
valid neighbors of 9: 8 
total Cliques 7
----------------------
clique number 7 : 7 9 8
----------------------
partial Clique: 8 
 candidates: 
 label: 3 3 3 3 3 3 3 3 3 3 
 vnc: 1 0 3 0 1 0 0 1 0 1 
valid neighbors of 0: 1 
valid neighbors of 1: 
valid neighbors of 2: 0 1 4 
valid neighbors of 3: 
valid neighbors of 4: 5 
valid neighbors of 5: 
valid neighbors of 6: 
valid neighbors of 7: 6 8 9 
valid neighbors of 8: 
valid neighbors of 9: 8 
total Cliques 8
----------------------
----------------------
partial Clique: 9 
 candidates: 8 
 label: 3 3 3 3 3 3 3 3 2 3 
 vnc: 1 0 3 0 1 0 0 1 0 1 
valid neighbors of 0: 1 
valid neighbors of 1: 
valid neighbors of 2: 0 1 4 
valid neighbors of 3: 
valid neighbors of 4: 5 
valid neighbors of 5: 
valid neighbors of 6: 
valid neighbors of 7: 6 8 9 
valid neighbors of 8: 
valid neighbors of 9: 8 
total Cliques 8
----------------------
----------------------
clique degree: 3 3 4 5 2 2 1 2 1 1 
n=10, m=18
adjacencyList 
0: 1 2 3 
1: 0 2 3 
2: 0 1 3 4 
3: 0 1 2 4 5 
4: 2 3 5 
5: 3 4 6 7 
6: 5 7 
7: 5 6 8 9 
8: 7 9 
9: 7 8 
size=3, type=1, count=6
adjMatrix 
0 1 1 
1 0 1 
1 1 0 
read graph and motif
before clique enum
intial core values: 3 3 4 5 3 4 2 4 2 2 
final core values: 3 3 3 3 2 2 2 2 2 2 
rev core sorted verticies: 3 2 0 1 4 5 7 9 8 6 
order: 3 4 2 1 5 6 10 7 9 8 
DAG Neigh : 
vectex 0 : 1 
vectex 1 : 
vectex 2 : 0 1 4 
vectex 3 : 0 1 2 4 5 
vectex 4 : 5 
vectex 5 : 6 7 
vectex 6 : 
vectex 7 : 6 8 9 
vectex 8 : 
vectex 9 : 8 

C degree before: 0 0 0 0 0 0 0 0 0 0 
partial Clique: 
 candidates: 0 1 2 3 4 5 6 7 8 9 
 label: 3 3 3 3 3 3 3 3 3 3 
 vnc: 0 0 0 0 0 0 0 0 0 0 
valid neighbors of 0: 
valid neighbors of 1: 
valid neighbors of 2: 
valid neighbors of 3: 
valid neighbors of 4: 
valid neighbors of 5: 
valid neighbors of 6: 
valid neighbors of 7: 
valid neighbors of 8: 
valid neighbors of 9: 
total Cliques 0
partial Clique: 0 
 candidates: 1 
 label: 3 2 3 3 3 3 3 3 3 3 
 vnc: 0 0 0 0 0 0 0 0 0 0 
valid neighbors of 0: 
valid neighbors of 1: 
valid neighbors of 2: 
valid neighbors of 3: 
valid neighbors of 4: 
valid neighbors of 5: 
valid neighbors of 6: 
valid neighbors of 7: 
valid neighbors of 8: 
valid neighbors of 9: 
total Cliques 0
----------------------
----------------------
partial Clique: 1 
 candidates: 
 label: 3 3 3 3 3 3 3 3 3 3 
 vnc: 0 0 0 0 0 0 0 0 0 0 
valid neighbors of 0: 
valid neighbors of 1: 
valid neighbors of 2: 
valid neighbors of 3: 
valid neighbors of 4: 
valid neighbors of 5: 
valid neighbors of 6: 
valid neighbors of 7: 
valid neighbors of 8: 
valid neighbors of 9: 
total Cliques 0
----------------------
----------------------
partial Clique: 2 
 candidates: 0 1 4 
 label: 2 2 3 3 2 3 3 3 3 3 
 vnc: 1 0 0 0 0 0 0 0 0 0 
valid neighbors of 0: 1 
valid neighbors of 1: 
valid neighbors of 2: 
valid neighbors of 3: 
valid neighbors of 4: 
valid neighbors of 5: 
valid neighbors of 6: 
valid neighbors of 7: 
valid neighbors of 8: 
valid neighbors of 9: 
total Cliques 0
----------------------
clique number 0 : 2 0 1
----------------------
partial Clique: 3 
 candidates: 0 1 2 4 5 
 label: 2 2 2 3 2 2 3 3 3 3 
 vnc: 1 0 3 0 1 0 0 0 0 0 
valid neighbors of 0: 1 
valid neighbors of 1: 
valid neighbors of 2: 0 1 4 
valid neighbors of 3: 
valid neighbors of 4: 5 
valid neighbors of 5: 
valid neighbors of 6: 
valid neighbors of 7: 
valid neighbors of 8: 
valid neighbors of 9: 
total Cliques 1
----------------------
clique number 1 : 3 0 1
clique number 2 : 3 2 0
clique number 3 : 3 2 1
clique number 4 : 3 2 4
clique number 5 : 3 4 5
----------------------
partial Clique: 4 
 candidates: 5 
 label: 3 3 3 3 3 2 3 3 3 3 
 vnc: 1 0 3 0 1 0 0 0 0 0 
valid neighbors of 0: 1 
valid neighbors of 1: 
valid neighbors of 2: 0 1 4 
valid neighbors of 3: 
valid neighbors of 4: 5 
valid neighbors of 5: 
valid neighbors of 6: 
valid neighbors of 7: 
valid neighbors of 8: 
valid neighbors of 9: 
total Cliques 6
----------------------
----------------------
partial Clique: 5 
 candidates: 6 7 
 label: 3 3 3 3 3 3 2 2 3 3 
 vnc: 1 0 3 0 1 0 0 1 0 0 
valid neighbors of 0: 1 
valid neighbors of 1: 
valid neighbors of 2: 0 1 4 
valid neighbors of 3: 
valid neighbors of 4: 5 
valid neighbors of 5: 
valid neighbors of 6: 
valid neighbors of 7: 6 8 9 
valid neighbors of 8: 
valid neighbors of 9: 
total Cliques 6
----------------------
clique number 6 : 5 7 6
----------------------
partial Clique: 6 
 candidates: 
 label: 3 3 3 3 3 3 3 3 3 3 
 vnc: 1 0 3 0 1 0 0 1 0 0 
valid neighbors of 0: 1 
valid neighbors of 1: 
valid neighbors of 2: 0 1 4 
valid neighbors of 3: 
valid neighbors of 4: 5 
valid neighbors of 5: 
valid neighbors of 6: 
valid neighbors of 7: 6 8 9 
valid neighbors of 8: 
valid neighbors of 9: 
total Cliques 7
----------------------
----------------------
partial Clique: 7 
 candidates: 6 8 9 
 label: 3 3 3 3 3 3 2 3 2 2 
 vnc: 1 0 3 0 1 0 0 1 0 1 
valid neighbors of 0: 1 
valid neighbors of 1: 
valid neighbors of 2: 0 1 4 
valid neighbors of 3: 
valid neighbors of 4: 5 
valid neighbors of 5: 
valid neighbors of 6: 
valid neighbors of 7: 6 8 9 
valid neighbors of 8: 
valid neighbors of 9: 8 
total Cliques 7
----------------------
clique number 7 : 7 9 8
----------------------
partial Clique: 8 
 candidates: 
 label: 3 3 3 3 3 3 3 3 3 3 
 vnc: 1 0 3 0 1 0 0 1 0 1 
valid neighbors of 0: 1 
valid neighbors of 1: 
valid neighbors of 2: 0 1 4 
valid neighbors of 3: 
valid neighbors of 4: 5 
valid neighbors of 5: 
valid neighbors of 6: 
valid neighbors of 7: 6 8 9 
valid neighbors of 8: 
valid neighbors of 9: 8 
total Cliques 8
----------------------
----------------------
partial Clique: 9 
 candidates: 8 
 label: 3 3 3 3 3 3 3 3 2 3 
 vnc: 1 0 3 0 1 0 0 1 0 1 
valid neighbors of 0: 1 
valid neighbors of 1: 
valid neighbors of 2: 0 1 4 
valid neighbors of 3: 
valid neighbors of 4: 5 
valid neighbors of 5: 
valid neighbors of 6: 
valid neighbors of 7: 6 8 9 
valid neighbors of 8: 
valid neighbors of 9: 8 
total Cliques 8
----------------------
----------------------
clique degree: 3 3 4 5 2 2 1 2 1 1 
